mondale	32%
glenn	14%
mcgovern	6%
brown	5%
glenn	22%
mondale	15%
brown	6%
mcgovern	6%
udall	2%
strauss	*%
rockefeller	2%
moynihan	2%
mondale	23%
hollings	1%
hart	2%
mcgovern	5%
glenn	19%
cranston	2%
john_brown	1%
brown	6%
bradley	2%
bentsen	1%
babbit	1%
askew	1%
mondale	32%
glenn	14%
mcgovern	6%
brown	5%
udall	3%
rockefeller	2%
cranston	2%
hart	2%
hollings	1%
bradley	1%
moynihan	1%
john_brown	1%
bentsen	1%
babbit	1%
askew	1%
strauss	*%
mondale	15%
glenn	22%
mcgovern	6%
brown	6%
udall	3%
rockefeller	2%
cranston	1%
hart	2%
hollings	1%
bradley	2%
moynihan	3%
john_brown	*%
bentsen	1%
babbit	1%
askew	2%
strauss	1%
