moore	0.11%
barkley	0.15%
smith	1.43%
donahey	0.15%
colby	0.04%
clark	0.15%
wheeler	0.19%
glass	0.56%
coughlin	0.04%
herring	0.04%
hull	0.90%
smith	0.04%
roosevelt	0.60%
guardia	0.08%
townsend	0.04%
roosevelt	1.28%
murphy	0.41%
earle	2.26%
norris	0.23%
byrd	0.60%
horner	0.60%
morgenthau	0.04%
wallace	2.14%
lehman	1.28%
commings	0.04%
johnson	0.30%
allred	0.04%
allred	0.11%
cox	0.04%
farley	3.54%
reed	0.49%
jones	0.34%
walker	0.04%
kelly	0.04%
lewis	0.38%
garner	1.65%
davis	0.08%
winant	0.04%
guffey	0.11%
o'mahoney	0.08%
robinson	0.23%
lee	0.04%
douglas	0.08%
maverick	0.04%
baker	0.08%
thomas	0.04%
young	0.19%
harrison	0.26%
mcnutt	1.05%
tugwell	0.08%
lafollette	0.30%
wagner	0.49%
butler	0.04%
pendergast	0.04%
sinclair	0.04%
cross	0.04%
comstock	0.04%
lemke	0.08%
mcadoo	0.04%
