aiken	0.33%
houghton	0.03%
smith	0.10%
smith	0.00%
gapper	0.10%
barton	0.13%
bennett	0.00%
clark	0.00%
cluett	0.03%
borah	3.75%
wheeler	0.00%
glass	0.13%
dawes	0.03%
hughes	0.10%
lindbergh	0.20%
taft	0.10%
dykstra	0.00%
driscoll	0.03%
farley	0.03%
coughlin	0.00%
roosevelt	0.10%
murphy	0.03%
gannett	0.00%
moses	0.07%
norris	0.13%
nye	0.10%
pinchot	0.13%
frank	0.91%
mcnary	0.00%
grandy	0.00%
fish	0.10%
hearst	0.07%
lodge	0.39%
ford	0.33%
laidlow	0.03%
wallace	0.00%
hoover	4.70%
hopkins	0.03%
bridges	0.07%
johnson	0.03%
hull	0.03%
james	0.00%
roosevelt	0.00%
walker	0.00%
barkley	0.03%
hoover	0.03%
watson	0.03%
hayes	0.00%
garner	0.00%
hamilton	0.03%
wynant	0.00%
blakely	0.00%
black	0.00%
knox	0.36%
laguardia	1.73%
landon	2.05%
lee	0.00%
lehman	0.03%
lemke	0.07%
burton	0.00%
wilson	0.00%
mcadoo	0.00%
mccarl	0.00%
mckender	0.03%
mcnutt	0.29%
morgenthau	0.00%
nelson	0.00%
roosevelt	0.03%
butler	0.00%
thomas	0.00%
young	0.10%
hurley	0.03%
pershing	0.00%
brewster	0.03%
babson	0.00%
lafollette	0.42%
moses	0.03%
byrd	0.10%
copeland	0.00%
stimson	0.03%
roosevelt	0.29%
dewey	0.55%
sinclair	0.03%
vandenberg	7.34%
austin	0.07%
douglas	0.10%
thompson	0.00%
