moore	0.03%
aiken	0.31%
sloan	0.03%
smith	0.07%
capper	0.24%
barton	0.07%
snell	0.03%
glass	0.07%
dawes	0.00%
hughes	0.28%
lindbergh	0.03%
taft	0.17%
bolton	0.03%
phillips	0.00%
davey	0.00%
dickinson	0.03%
thompson	0.00%
farley	0.03%
butler	0.00%
fox	0.03%
garner	0.14%
johnson	0.41%
earle	0.10%
nye	0.00%
pinchot	0.07%
frank	1.38%
hamilton	0.24%
fish	0.03%
lodge	0.48%
ford	0.31%
wallace	0.03%
hoover	2.13%
bridges	0.00%
hull	0.10%
roosevelt	0.03%
rockefeller	0.00%
hoover	0.03%
rashol	0.07%
lewis	0.07%
wynant	0.10%
martin	0.00%
clark	0.03%
allen	0.03%
knox	0.45%
laguardia	2.41%
landon	3.16%
lawden	0.07%
lehman	0.00%
lemke	0.14%
marvin	0.00%
mccarl	0.03%
mcnutt	0.00%
baker	0.00%
norris	0.03%
young	0.03%
harrison	0.00%
lafollette	0.24%
borah	3.54%
burke	0.07%
byrd	0.00%
pittman	0.03%
stimson	0.03%
talmadge	0.00%
dewey	0.83%
roosevelt	0.38%
townsend	0.03%
vandenberg	6.64%
austin	0.00%
wheeler	0.07%
brucker	0.00%
white	0.10%
