aiken	0.26%
smith	0.13%
jones	0.03%
borah	2.08%
barton	0.03%
butler	0.03%
byrd	0.13%
capper	0.03%
glass	0.03%
hughes	0.10%
davis	0.06%
dewey	0.62%
ford	0.42%
townsend	0.03%
garner	0.23%
pershing	0.03%
frank	0.49%
benson	0.03%
fish	0.03%
gibson	0.03%
ford	0.10%
price	0.06%
thomas	0.03%
hoffman	0.03%
johnson	0.10%
hoover	2.43%
hull	0.03%
farley	0.06%
hoover	0.03%
hamilton	0.10%
kennedy	0.16%
knox	0.36%
kohler	0.03%
lafollette	0.65%
laguardia	1.40%
landon	2.50%
lemke	0.03%
lewis	0.03%
lodge	0.16%
marshall	0.03%
mcnutt	0.13%
moore	0.10%
murphy	0.23%
norris	0.13%
nye	0.10%
young	0.06%
pinchot	0.06%
moses	0.03%
roosevelt	0.10%
snell	0.03%
bridges	0.16%
roosevelt	0.10%
tydings	0.10%
vandenberg	5.87%
wheeler	0.03%
cameron	0.03%
