aiken	0.07%
smith	0.03%
capper	0.03%
james	0.07%
barton	0.17%
blank	0.00%
blank	0.00%
blank	0.00%
blank	0.00%
blank	0.00%
blank	0.00%
blank	0.00%
blank	0.00%
blank	0.00%
blank	0.00%
blank	0.00%
blank	0.00%
blank	0.03%
blank	0.03%
blank	0.03%
blank	0.03%
blank	0.03%
blank	0.03%
blank	0.03%
blank	0.03%
blank	0.03%
blank	0.10%
blank	0.13%
blank	0.20%
blank	0.37%
barton	0.40%
byrd	0.17%
glass	0.00%
dawes	0.03%
hughes	0.37%
lindbergh	0.07%
taft	0.03%
hull	0.07%
dewey	3.38%
gannett	0.03%
murphy	0.03%
gainer	0.03%
pepper	0.00%
norris	0.00%
pinchot	0.03%
nye	0.03%
frank	0.10%
fish	0.47%
lodge	1.34%
ford	1.47%
stimson	0.10%
hoover	2.11%
bridges	0.07%
farley	0.00%
walker	0.03%
hoover	0.03%
watson	0.00%
hamilton	0.30%
wynot	0.00%
knox	0.44%
laguardia	3.92%
landon	1.14%
lehman	0.00%
lemke	0.00%
douglas	0.07%
mcnutt	6.50%
thomas	0.00%
lafollette	0.10%
borah	1.44%
byrd	0.00%
butter	0.00%
roosevelt	3.59%
vandenberg	8.34%
austin	0.03%
