aiken	0.28%
houghton	0.03%
smith	0.00%
smith	0.06%
gapper	0.03%
barton	0.28%
bennett	0.00%
clark	0.00%
cluett	0.00%
borah	2.56%
wheeler	0.03%
glass	0.00%
dawes	0.03%
hughes	0.13%
lindbergh	0.09%
taft	0.06%
dykstra	0.03%
driscoll	0.00%
farley	0.06%
coughlin	0.09%
roosevelt	0.16%
murphy	0.00%
gannett	0.00%
moses	0.00%
norris	0.16%
nye	0.06%
pinchot	0.22%
frank	0.63%
mcnary	0.03%
grandy	0.00%
fish	0.03%
hearst	0.00%
lodge	0.22%
ford	0.63%
laidlow	0.00%
wallace	0.06%
hoover	4.46%
hopkins	0.00%
bridges	0.09%
johnson	0.06%
hull	0.09%
james	0.06%
roosevelt	0.00%
walker	0.03%
barkley	0.00%
hoover	0.03%
watson	0.03%
hayes	0.03%
garner	0.19%
hamilton	0.22%
wynant	0.00%
blakely	0.03%
black	0.03%
knox	0.63%
laguardia	2.28%
landon	2.72%
lee	0.00%
lehman	0.03%
lemke	0.00%
burton	0.00%
wilson	0.03%
mcadoo	0.00%
mccarl	0.03%
mckender	0.00%
mcnutt	0.38%
morgenthau	0.03%
nelson	0.00%
roosevelt	0.00%
butler	0.00%
thomas	0.06%
young	0.03%
hurley	0.00%
pershing	0.00%
brewster	0.06%
babson	0.03%
lafollette	0.32%
moses	0.00%
byrd	0.09%
copeland	0.00%
stimson	0.03%
roosevelt	0.22%
dewey	0.57%
sinclair	0.00%
vandenberg	8.09%
austin	0.00%
douglas	0.00%
thompson	0.03%
