aiken	0.22%
houghton	0.00%
smith	0.03%
smith	0.00%
gapper	0.13%
barton	0.10%
bennett	0.06%
clark	0.13%
cluett	0.00%
borah	2.83%
wheeler	0.00%
glass	0.03%
dawes	0.03%
hughes	0.06%
lindbergh	0.06%
taft	0.00%
dykstra	0.00%
driscoll	0.00%
farley	0.00%
coughlin	0.00%
roosevelt	0.29%
murphy	0.03%
gannett	0.06%
moses	0.00%
norris	0.10%
nye	0.03%
pinchot	0.19%
frank	0.67%
mcnary	0.00%
grandy	0.03%
fish	0.03%
hearst	0.00%
lodge	0.48%
ford	0.54%
laidlow	0.00%
wallace	0.00%
hoover	3.28%
hopkins	0.00%
bridges	0.06%
johnson	0.00%
hull	0.06%
james	0.06%
roosevelt	0.03%
walker	0.00%
barkley	0.00%
hoover	0.03%
watson	0.00%
hayes	0.00%
garner	0.00%
hamilton	0.16%
wynant	0.03%
blakely	0.00%
black	0.06%
knox	0.67%
laguardia	1.85%
landon	3.12%
lee	0.03%
lehman	0.06%
lemke	0.00%
burton	0.13%
wilson	0.00%
mcadoo	0.13%
mccarl	0.00%
mckender	0.00%
mcnutt	0.41%
morgenthau	0.00%
nelson	0.03%
roosevelt	0.00%
butler	0.03%
thomas	0.03%
young	0.03%
hurley	0.03%
pershing	0.03%
brewster	0.00%
babson	0.03%
lafollette	0.54%
moses	0.03%
byrd	0.03%
copeland	0.03%
stimson	0.00%
roosevelt	0.03%
dewey	0.54%
sinclair	0.00%
vandenberg	6.97%
austin	0.00%
douglas	0.06%
thompson	0.00%
