ball	0.03%
barclay	0.40%
bricker	0.03%
broughton	0.03%
byrd	0.83%
byrnes	1.06%
chandler	0.03%
cannon	0.03%
douglas	0.07%
eisenhower	0.17%
pyle	0.03%
farley	0.30%
fulbright	0.13%
hillman	0.13%
hopkins	0.10%
hull	0.13%
jones	0.03%
johnson	0.03%
lausche	0.10%
lucas	0.20%
macarthur	0.43%
marshall	0.10%
mcnutt	0.23%
meade	0.13%
o'daniel	0.07%
pepper	0.07%
ritchie	0.03%
kerr	0.07%
roosevelt	30.41%
stassen	0.03%
stettinius	3.66%
stillwell	0.03%
stimson	0.03%
truman	5.76%
wagner	0.03%
wallace	11.61%
warren	0.03%
winant	0.03%
